<?xml version="1.0" encoding="UTF-8"?>
<coverage generated="1645636455045" clover="3.2.0">
  <project timestamp="1645636455045" name="All files">
    <metrics statements="3" coveredstatements="3" conditionals="1" coveredconditionals="1" methods="2" coveredmethods="1" elements="6" coveredelements="5" complexity="0" loc="3" ncloc="3" packages="1" files="1" classes="1"/>
    <file name="add.js" path="/Users/tylerwalker/Code/Webpack/src/helpers/add/add.js">
      <metrics statements="3" coveredstatements="3" conditionals="1" coveredconditionals="1" methods="2" coveredmethods="1"/>
      <line num="1" count="1" type="stmt"/>
      <line num="2" count="1" type="stmt"/>
      <line num="3" count="1" type="cond" truecount="1" falsecount="0"/>
    </file>
  </project>
</coverage>
