{"/Users/tylerwalker/Code/Webpack/src/helpers/add/add.js": {"path":"/Users/tylerwalker/Code/Webpack/src/helpers/add/add.js","all":false,"statementMap":{"0":{"start":{"line":1,"column":0},"end":{"line":1,"column":31}},"1":{"start":{"line":2,"column":0},"end":{"line":2,"column":42}},"2":{"start":{"line":3,"column":0},"end":{"line":3,"column":35}}},"s":{"0":1,"1":1,"2":1},"branchMap":{"0":{"type":"branch","line":3,"loc":{"start":{"line":3,"column":19},"end":{"line":3,"column":35}},"locations":[{"start":{"line":3,"column":19},"end":{"line":3,"column":35}}]}},"b":{"0":[1]},"fnMap":{"0":{"name":"addNew","decl":{"start":{"line":2,"column":22},"end":{"line":2,"column":42}},"loc":{"start":{"line":2,"column":22},"end":{"line":2,"column":42}},"line":2},"1":{"name":"add","decl":{"start":{"line":3,"column":19},"end":{"line":3,"column":35}},"loc":{"start":{"line":3,"column":19},"end":{"line":3,"column":35}},"line":3}},"f":{"0":0,"1":1}}
}
